# JRE version: Java(TM) SE Runtime Environment (8.0_201-b09) (build 1.8.0_201-b09)
# Java VM: Java HotSpot(TM) 64-Bit Server VM (25.201-b09 mixed mode windows-amd64 compressed oops)
Heap:
 PSYoungGen      total 263680K, used 218989K [0x000000076c000000, 0x000000077cf00000, 0x00000007c0000000)
  eden space 256000K, 82% used [0x000000076c000000,0x0000000778e60850,0x000000077ba00000)
  from space 7680K, 99% used [0x000000077c380000,0x000000077cafabc0,0x000000077cb00000)
  to   space 9728K, 0% used [0x000000077ba00000,0x000000077ba00000,0x000000077c380000)
 ParOldGen       total 172032K, used 7985K [0x00000006c4000000, 0x00000006ce800000, 0x000000076c000000)
  object space 172032K, 4% used [0x00000006c4000000,0x00000006c47cc7c0,0x00000006ce800000)
 Metaspace       used 19293K, capacity 19609K, committed 19712K, reserved 1067008K
  class space    used 2213K, capacity 2300K, committed 2304K, reserved 1048576K
GC Heap History (10 events):
Event: 2.992 GC heap before
{Heap before GC invocations=6 (full 2):
 PSYoungGen      total 75264K, used 68555K [0x000000076c000000, 0x0000000771400000, 0x00000007c0000000)
  eden space 64512K, 100% used [0x000000076c000000,0x000000076ff00000,0x000000076ff00000)
  from space 10752K, 37% used [0x000000076ff00000,0x00000007702f2e28,0x0000000770980000)
  to   space 10752K, 0% used [0x0000000770980000,0x0000000770980000,0x0000000771400000)
 ParOldGen       total 172032K, used 5313K [0x00000006c4000000, 0x00000006ce800000, 0x000000076c000000)
  object space 172032K, 3% used [0x00000006c4000000,0x00000006c45307c0,0x00000006ce800000)
 Metaspace       used 18619K, capacity 18899K, committed 19200K, reserved 1067008K
  class space    used 2143K, capacity 2235K, committed 2304K, reserved 1048576K
Event: 2.994 GC heap after
Heap after GC invocations=6 (full 2):
 PSYoungGen      total 75264K, used 2395K [0x000000076c000000, 0x0000000775300000, 0x00000007c0000000)
  eden space 64512K, 0% used [0x000000076c000000,0x000000076c000000,0x000000076ff00000)
  from space 10752K, 22% used [0x0000000770980000,0x0000000770bd6f00,0x0000000771400000)
  to   space 10752K, 0% used [0x000000076ff00000,0x000000076ff00000,0x0000000770980000)
 ParOldGen       total 172032K, used 5321K [0x00000006c4000000, 0x00000006ce800000, 0x000000076c000000)
  object space 172032K, 3% used [0x00000006c4000000,0x00000006c45327c0,0x00000006ce800000)
 Metaspace       used 18619K, capacity 18899K, committed 19200K, reserved 1067008K
  class space    used 2143K, capacity 2235K, committed 2304K, reserved 1048576K
}
Event: 3.083 GC heap before
{Heap before GC invocations=7 (full 2):
 PSYoungGen      total 75264K, used 66907K [0x000000076c000000, 0x0000000775300000, 0x00000007c0000000)
  eden space 64512K, 100% used [0x000000076c000000,0x000000076ff00000,0x000000076ff00000)
  from space 10752K, 22% used [0x0000000770980000,0x0000000770bd6f00,0x0000000771400000)
  to   space 10752K, 0% used [0x000000076ff00000,0x000000076ff00000,0x0000000770980000)
 ParOldGen       total 172032K, used 5321K [0x00000006c4000000, 0x00000006ce800000, 0x000000076c000000)
  object space 172032K, 3% used [0x00000006c4000000,0x00000006c45327c0,0x00000006ce800000)
 Metaspace       used 18633K, capacity 18899K, committed 19200K, reserved 1067008K
  class space    used 2143K, capacity 2235K, committed 2304K, reserved 1048576K
Event: 3.084 GC heap after
Heap after GC invocations=7 (full 2):
 PSYoungGen      total 75264K, used 3095K [0x000000076c000000, 0x0000000775300000, 0x00000007c0000000)
  eden space 64512K, 0% used [0x000000076c000000,0x000000076c000000,0x000000076ff00000)
  from space 10752K, 28% used [0x000000076ff00000,0x0000000770205d18,0x0000000770980000)
  to   space 10752K, 0% used [0x0000000774880000,0x0000000774880000,0x0000000775300000)
 ParOldGen       total 172032K, used 5329K [0x00000006c4000000, 0x00000006ce800000, 0x000000076c000000)
  object space 172032K, 3% used [0x00000006c4000000,0x00000006c45347c0,0x00000006ce800000)
 Metaspace       used 18633K, capacity 18899K, committed 19200K, reserved 1067008K
  class space    used 2143K, capacity 2235K, committed 2304K, reserved 1048576K
}
Event: 3.151 GC heap before
{Heap before GC invocations=8 (full 2):
 PSYoungGen      total 75264K, used 67607K [0x000000076c000000, 0x0000000775300000, 0x00000007c0000000)
  eden space 64512K, 100% used [0x000000076c000000,0x000000076ff00000,0x000000076ff00000)
  from space 10752K, 28% used [0x000000076ff00000,0x0000000770205d18,0x0000000770980000)
  to   space 10752K, 0% used [0x0000000774880000,0x0000000774880000,0x0000000775300000)
 ParOldGen       total 172032K, used 5329K [0x00000006c4000000, 0x00000006ce800000, 0x000000076c000000)
  object space 172032K, 3% used [0x00000006c4000000,0x00000006c45347c0,0x00000006ce800000)
 Metaspace       used 18633K, capacity 18899K, committed 19200K, reserved 1067008K
  class space    used 2143K, capacity 2235K, committed 2304K, reserved 1048576K
Event: 3.153 GC heap after
Heap after GC invocations=8 (full 2):
 PSYoungGen      total 139776K, used 3857K [0x000000076c000000, 0x0000000775300000, 0x00000007c0000000)
  eden space 129024K, 0% used [0x000000076c000000,0x000000076c000000,0x0000000773e00000)
  from space 10752K, 35% used [0x0000000774880000,0x0000000774c446a0,0x0000000775300000)
  to   space 10752K, 0% used [0x0000000773e00000,0x0000000773e00000,0x0000000774880000)
 ParOldGen       total 172032K, used 5337K [0x00000006c4000000, 0x00000006ce800000, 0x000000076c000000)
  object space 172032K, 3% used [0x00000006c4000000,0x00000006c45367c0,0x00000006ce800000)
 Metaspace       used 18633K, capacity 18899K, committed 19200K, reserved 1067008K
  class space    used 2143K, capacity 2235K, committed 2304K, reserved 1048576K
}
Event: 3.304 GC heap before
{Heap before GC invocations=9 (full 2):
 PSYoungGen      total 139776K, used 132881K [0x000000076c000000, 0x0000000775300000, 0x00000007c0000000)
  eden space 129024K, 100% used [0x000000076c000000,0x0000000773e00000,0x0000000773e00000)
  from space 10752K, 35% used [0x0000000774880000,0x0000000774c446a0,0x0000000775300000)
  to   space 10752K, 0% used [0x0000000773e00000,0x0000000773e00000,0x0000000774880000)
 ParOldGen       total 172032K, used 5337K [0x00000006c4000000, 0x00000006ce800000, 0x000000076c000000)
  object space 172032K, 3% used [0x00000006c4000000,0x00000006c45367c0,0x00000006ce800000)
 Metaspace       used 18655K, capacity 18963K, committed 19200K, reserved 1067008K
  class space    used 2145K, capacity 2235K, committed 2304K, reserved 1048576K
Event: 3.310 GC heap after
Heap after GC invocations=9 (full 2):
 PSYoungGen      total 139776K, used 6980K [0x000000076c000000, 0x000000077cb00000, 0x00000007c0000000)
  eden space 129024K, 0% used [0x000000076c000000,0x000000076c000000,0x0000000773e00000)
  from space 10752K, 64% used [0x0000000773e00000,0x00000007744d1010,0x0000000774880000)
  to   space 7680K, 0% used [0x000000077c380000,0x000000077c380000,0x000000077cb00000)
 ParOldGen       total 172032K, used 5337K [0x00000006c4000000, 0x00000006ce800000, 0x000000076c000000)
  object space 172032K, 3% used [0x00000006c4000000,0x00000006c45367c0,0x00000006ce800000)
 Metaspace       used 18655K, capacity 18963K, committed 19200K, reserved 1067008K
  class space    used 2145K, capacity 2235K, committed 2304K, reserved 1048576K
}
Event: 3.431 GC heap before
{Heap before GC invocations=10 (full 2):
 PSYoungGen      total 139776K, used 136004K [0x000000076c000000, 0x000000077cb00000, 0x00000007c0000000)
  eden space 129024K, 100% used [0x000000076c000000,0x0000000773e00000,0x0000000773e00000)
  from space 10752K, 64% used [0x0000000773e00000,0x00000007744d1010,0x0000000774880000)
  to   space 7680K, 0% used [0x000000077c380000,0x000000077c380000,0x000000077cb00000)
 ParOldGen       total 172032K, used 5337K [0x00000006c4000000, 0x00000006ce800000, 0x000000076c000000)
  object space 172032K, 3% used [0x00000006c4000000,0x00000006c45367c0,0x00000006ce800000)
 Metaspace       used 18655K, capacity 18963K, committed 19200K, reserved 1067008K
  class space    used 2145K, capacity 2235K, committed 2304K, reserved 1048576K
Event: 3.438 GC heap after
Heap after GC invocations=10 (full 2):
 PSYoungGen      total 263680K, used 7658K [0x000000076c000000, 0x000000077cf00000, 0x00000007c0000000)
  eden space 256000K, 0% used [0x000000076c000000,0x000000076c000000,0x000000077ba00000)
  from space 7680K, 99% used [0x000000077c380000,0x000000077cafabc0,0x000000077cb00000)
  to   space 9728K, 0% used [0x000000077ba00000,0x000000077ba00000,0x000000077c380000)
 ParOldGen       total 172032K, used 7985K [0x00000006c4000000, 0x00000006ce800000, 0x000000076c000000)
  object space 172032K, 4% used [0x00000006c4000000,0x00000006c47cc7c0,0x00000006ce800000)
 Metaspace       used 18655K, capacity 18963K, committed 19200K, reserved 1067008K
  class space    used 2145K, capacity 2235K, committed 2304K, reserved 1048576K
}

