# JRE version: Java(TM) SE Runtime Environment (8.0_201-b09) (build 1.8.0_201-b09)
# Java VM: Java HotSpot(TM) 64-Bit Server VM (25.201-b09 mixed mode windows-amd64 compressed oops)
Heap:
 PSYoungGen      total 263168K, used 218306K [0x000000076c000000, 0x000000077d000000, 0x00000007c0000000)
  eden space 255488K, 82% used [0x000000076c000000,0x0000000778db5f00,0x000000077b980000)
  from space 7680K, 99% used [0x000000077c380000,0x000000077cafabc0,0x000000077cb00000)
  to   space 10240K, 0% used [0x000000077b980000,0x000000077b980000,0x000000077c380000)
 ParOldGen       total 172032K, used 7982K [0x00000006c4000000, 0x00000006ce800000, 0x000000076c000000)
  object space 172032K, 4% used [0x00000006c4000000,0x00000006c47cbb30,0x00000006ce800000)
 Metaspace       used 19255K, capacity 19545K, committed 19712K, reserved 1067008K
  class space    used 2213K, capacity 2300K, committed 2304K, reserved 1048576K
GC Heap History (10 events):
Event: 3.044 GC heap before
{Heap before GC invocations=6 (full 2):
 PSYoungGen      total 75264K, used 68497K [0x000000076c000000, 0x0000000771400000, 0x00000007c0000000)
  eden space 64512K, 100% used [0x000000076c000000,0x000000076ff00000,0x000000076ff00000)
  from space 10752K, 37% used [0x000000076ff00000,0x00000007702e4588,0x0000000770980000)
  to   space 10752K, 0% used [0x0000000770980000,0x0000000770980000,0x0000000771400000)
 ParOldGen       total 172032K, used 5254K [0x00000006c4000000, 0x00000006ce800000, 0x000000076c000000)
  object space 172032K, 3% used [0x00000006c4000000,0x00000006c4521b30,0x00000006ce800000)
 Metaspace       used 18581K, capacity 18899K, committed 19200K, reserved 1067008K
  class space    used 2143K, capacity 2235K, committed 2304K, reserved 1048576K
Event: 3.046 GC heap after
Heap after GC invocations=6 (full 2):
 PSYoungGen      total 75264K, used 2363K [0x000000076c000000, 0x0000000775300000, 0x00000007c0000000)
  eden space 64512K, 0% used [0x000000076c000000,0x000000076c000000,0x000000076ff00000)
  from space 10752K, 21% used [0x0000000770980000,0x0000000770bcef00,0x0000000771400000)
  to   space 10752K, 0% used [0x000000076ff00000,0x000000076ff00000,0x0000000770980000)
 ParOldGen       total 172032K, used 5262K [0x00000006c4000000, 0x00000006ce800000, 0x000000076c000000)
  object space 172032K, 3% used [0x00000006c4000000,0x00000006c4523b30,0x00000006ce800000)
 Metaspace       used 18581K, capacity 18899K, committed 19200K, reserved 1067008K
  class space    used 2143K, capacity 2235K, committed 2304K, reserved 1048576K
}
Event: 3.135 GC heap before
{Heap before GC invocations=7 (full 2):
 PSYoungGen      total 75264K, used 66875K [0x000000076c000000, 0x0000000775300000, 0x00000007c0000000)
  eden space 64512K, 100% used [0x000000076c000000,0x000000076ff00000,0x000000076ff00000)
  from space 10752K, 21% used [0x0000000770980000,0x0000000770bcef00,0x0000000771400000)
  to   space 10752K, 0% used [0x000000076ff00000,0x000000076ff00000,0x0000000770980000)
 ParOldGen       total 172032K, used 5262K [0x00000006c4000000, 0x00000006ce800000, 0x000000076c000000)
  object space 172032K, 3% used [0x00000006c4000000,0x00000006c4523b30,0x00000006ce800000)
 Metaspace       used 18595K, capacity 18899K, committed 19200K, reserved 1067008K
  class space    used 2143K, capacity 2235K, committed 2304K, reserved 1048576K
Event: 3.137 GC heap after
Heap after GC invocations=7 (full 2):
 PSYoungGen      total 75264K, used 3159K [0x000000076c000000, 0x0000000775300000, 0x00000007c0000000)
  eden space 64512K, 0% used [0x000000076c000000,0x000000076c000000,0x000000076ff00000)
  from space 10752K, 29% used [0x000000076ff00000,0x0000000770215d18,0x0000000770980000)
  to   space 10752K, 0% used [0x0000000774880000,0x0000000774880000,0x0000000775300000)
 ParOldGen       total 172032K, used 5270K [0x00000006c4000000, 0x00000006ce800000, 0x000000076c000000)
  object space 172032K, 3% used [0x00000006c4000000,0x00000006c4525b30,0x00000006ce800000)
 Metaspace       used 18595K, capacity 18899K, committed 19200K, reserved 1067008K
  class space    used 2143K, capacity 2235K, committed 2304K, reserved 1048576K
}
Event: 3.207 GC heap before
{Heap before GC invocations=8 (full 2):
 PSYoungGen      total 75264K, used 67671K [0x000000076c000000, 0x0000000775300000, 0x00000007c0000000)
  eden space 64512K, 100% used [0x000000076c000000,0x000000076ff00000,0x000000076ff00000)
  from space 10752K, 29% used [0x000000076ff00000,0x0000000770215d18,0x0000000770980000)
  to   space 10752K, 0% used [0x0000000774880000,0x0000000774880000,0x0000000775300000)
 ParOldGen       total 172032K, used 5270K [0x00000006c4000000, 0x00000006ce800000, 0x000000076c000000)
  object space 172032K, 3% used [0x00000006c4000000,0x00000006c4525b30,0x00000006ce800000)
 Metaspace       used 18595K, capacity 18899K, committed 19200K, reserved 1067008K
  class space    used 2143K, capacity 2235K, committed 2304K, reserved 1048576K
Event: 3.210 GC heap after
Heap after GC invocations=8 (full 2):
 PSYoungGen      total 139776K, used 3889K [0x000000076c000000, 0x0000000775300000, 0x00000007c0000000)
  eden space 129024K, 0% used [0x000000076c000000,0x000000076c000000,0x0000000773e00000)
  from space 10752K, 36% used [0x0000000774880000,0x0000000774c4c6a0,0x0000000775300000)
  to   space 10752K, 0% used [0x0000000773e00000,0x0000000773e00000,0x0000000774880000)
 ParOldGen       total 172032K, used 5270K [0x00000006c4000000, 0x00000006ce800000, 0x000000076c000000)
  object space 172032K, 3% used [0x00000006c4000000,0x00000006c4525b30,0x00000006ce800000)
 Metaspace       used 18595K, capacity 18899K, committed 19200K, reserved 1067008K
  class space    used 2143K, capacity 2235K, committed 2304K, reserved 1048576K
}
Event: 3.364 GC heap before
{Heap before GC invocations=9 (full 2):
 PSYoungGen      total 139776K, used 132913K [0x000000076c000000, 0x0000000775300000, 0x00000007c0000000)
  eden space 129024K, 100% used [0x000000076c000000,0x0000000773e00000,0x0000000773e00000)
  from space 10752K, 36% used [0x0000000774880000,0x0000000774c4c6a0,0x0000000775300000)
  to   space 10752K, 0% used [0x0000000773e00000,0x0000000773e00000,0x0000000774880000)
 ParOldGen       total 172032K, used 5270K [0x00000006c4000000, 0x00000006ce800000, 0x000000076c000000)
  object space 172032K, 3% used [0x00000006c4000000,0x00000006c4525b30,0x00000006ce800000)
 Metaspace       used 18616K, capacity 18899K, committed 19200K, reserved 1067008K
  class space    used 2145K, capacity 2235K, committed 2304K, reserved 1048576K
Event: 3.370 GC heap after
Heap after GC invocations=9 (full 2):
 PSYoungGen      total 139776K, used 7012K [0x000000076c000000, 0x000000077cb00000, 0x00000007c0000000)
  eden space 129024K, 0% used [0x000000076c000000,0x000000076c000000,0x0000000773e00000)
  from space 10752K, 65% used [0x0000000773e00000,0x00000007744d9010,0x0000000774880000)
  to   space 7680K, 0% used [0x000000077c380000,0x000000077c380000,0x000000077cb00000)
 ParOldGen       total 172032K, used 5278K [0x00000006c4000000, 0x00000006ce800000, 0x000000076c000000)
  object space 172032K, 3% used [0x00000006c4000000,0x00000006c4527b30,0x00000006ce800000)
 Metaspace       used 18616K, capacity 18899K, committed 19200K, reserved 1067008K
  class space    used 2145K, capacity 2235K, committed 2304K, reserved 1048576K
}
Event: 3.499 GC heap before
{Heap before GC invocations=10 (full 2):
 PSYoungGen      total 139776K, used 136036K [0x000000076c000000, 0x000000077cb00000, 0x00000007c0000000)
  eden space 129024K, 100% used [0x000000076c000000,0x0000000773e00000,0x0000000773e00000)
  from space 10752K, 65% used [0x0000000773e00000,0x00000007744d9010,0x0000000774880000)
  to   space 7680K, 0% used [0x000000077c380000,0x000000077c380000,0x000000077cb00000)
 ParOldGen       total 172032K, used 5278K [0x00000006c4000000, 0x00000006ce800000, 0x000000076c000000)
  object space 172032K, 3% used [0x00000006c4000000,0x00000006c4527b30,0x00000006ce800000)
 Metaspace       used 18616K, capacity 18899K, committed 19200K, reserved 1067008K
  class space    used 2145K, capacity 2235K, committed 2304K, reserved 1048576K
Event: 3.506 GC heap after
Heap after GC invocations=10 (full 2):
 PSYoungGen      total 263168K, used 7658K [0x000000076c000000, 0x000000077d000000, 0x00000007c0000000)
  eden space 255488K, 0% used [0x000000076c000000,0x000000076c000000,0x000000077b980000)
  from space 7680K, 99% used [0x000000077c380000,0x000000077cafabc0,0x000000077cb00000)
  to   space 10240K, 0% used [0x000000077b980000,0x000000077b980000,0x000000077c380000)
 ParOldGen       total 172032K, used 7982K [0x00000006c4000000, 0x00000006ce800000, 0x000000076c000000)
  object space 172032K, 4% used [0x00000006c4000000,0x00000006c47cbb30,0x00000006ce800000)
 Metaspace       used 18616K, capacity 18899K, committed 19200K, reserved 1067008K
  class space    used 2145K, capacity 2235K, committed 2304K, reserved 1048576K
}

